2021-12-28 09:46:04.580  INFO 60288 --- [main] com.example.demo.DemoApplication         : Starting DemoApplication using Java 17 on DESKTOP-IG0DMCH with PID 60288 (C:\Software\IDEA_Projects\GIT\001hkcrc\springboot\target\classes started by HKCRC in C:\Software\IDEA_Projects\GIT\001hkcrc)
2021-12-28 09:46:04.585  INFO 60288 --- [main] com.example.demo.DemoApplication         : No active profile set, falling back to default profiles: default
2021-12-28 09:46:05.196  INFO 60288 --- [main] o.s.b.w.embedded.tomcat.TomcatWebServer  : Tomcat initialized with port(s): 9090 (http)
2021-12-28 09:46:05.204  INFO 60288 --- [main] o.apache.catalina.core.StandardService   : Starting service [Tomcat]
2021-12-28 09:46:05.204  INFO 60288 --- [main] org.apache.catalina.core.StandardEngine  : Starting Servlet engine: [Apache Tomcat/9.0.52]
2021-12-28 09:46:05.266  INFO 60288 --- [main] o.a.c.c.C.[Tomcat].[localhost].[/]       : Initializing Spring embedded WebApplicationContext
2021-12-28 09:46:05.267  INFO 60288 --- [main] w.s.c.ServletWebServerApplicationContext : Root WebApplicationContext: initialization completed in 654 ms
2021-12-28 09:46:05.661  INFO 60288 --- [main] o.s.b.w.embedded.tomcat.TomcatWebServer  : Tomcat started on port(s): 9090 (http) with context path ''
2021-12-28 09:46:05.667  INFO 60288 --- [main] com.example.demo.DemoApplication         : Started DemoApplication in 1.297 seconds (JVM running for 1.695)
2021-12-28 09:46:05.669  INFO 60288 --- [main] com.example.demo.TCP.SocketServer        : port: 8888, null
2021-12-28 09:46:05.670  INFO 60288 --- [main] com.example.demo.TCP.SocketServer        : Socket服务已启动，地址0.0.0.0/0.0.0.0:8888, 占用端口： 8888, 其他：0.0.0.0/0.0.0.0
2021-12-28 09:46:05.670  INFO 60288 --- [main] com.example.demo.TCP.SocketServer        : socket listening... ...
2021-12-28 11:20:36.442  INFO 60288 --- [http-nio-9090-exec-1] o.a.c.c.C.[Tomcat].[localhost].[/]       : Initializing Spring DispatcherServlet 'dispatcherServlet'
2021-12-28 11:20:36.442  INFO 60288 --- [http-nio-9090-exec-1] o.s.web.servlet.DispatcherServlet        : Initializing Servlet 'dispatcherServlet'
2021-12-28 11:20:36.443  INFO 60288 --- [http-nio-9090-exec-1] o.s.web.servlet.DispatcherServlet        : Completed initialization in 1 ms
2021-12-28 11:20:36.452  WARN 60288 --- [http-nio-9090-exec-1] .w.s.m.s.DefaultHandlerExceptionResolver : Resolved [org.springframework.web.HttpRequestMethodNotSupportedException: Request method 'GET' not supported]
2021-12-28 11:20:36.865  WARN 60288 --- [http-nio-9090-exec-3] .w.s.m.s.DefaultHandlerExceptionResolver : Resolved [org.springframework.web.HttpRequestMethodNotSupportedException: Request method 'GET' not supported]
2021-12-28 11:20:38.333  WARN 60288 --- [http-nio-9090-exec-5] .w.s.m.s.DefaultHandlerExceptionResolver : Resolved [org.springframework.web.HttpRequestMethodNotSupportedException: Request method 'GET' not supported]
2021-12-28 17:14:43.868  INFO 60224 --- [main] com.example.demo.DemoApplication         : Starting DemoApplication using Java 17 on DESKTOP-IG0DMCH with PID 60224 (C:\Software\IDEA_Projects\GIT\001hkcrc\springboot\target\classes started by HKCRC in C:\Software\IDEA_Projects\GIT\001hkcrc)
2021-12-28 17:14:43.869  INFO 60224 --- [main] com.example.demo.DemoApplication         : No active profile set, falling back to default profiles: default
2021-12-28 17:14:44.418  INFO 60224 --- [main] o.s.b.w.embedded.tomcat.TomcatWebServer  : Tomcat initialized with port(s): 9090 (http)
2021-12-28 17:14:44.425  INFO 60224 --- [main] o.apache.catalina.core.StandardService   : Starting service [Tomcat]
2021-12-28 17:14:44.425  INFO 60224 --- [main] org.apache.catalina.core.StandardEngine  : Starting Servlet engine: [Apache Tomcat/9.0.52]
2021-12-28 17:14:44.484  INFO 60224 --- [main] o.a.c.c.C.[Tomcat].[localhost].[/]       : Initializing Spring embedded WebApplicationContext
2021-12-28 17:14:44.484  INFO 60224 --- [main] w.s.c.ServletWebServerApplicationContext : Root WebApplicationContext: initialization completed in 591 ms
2021-12-28 17:14:44.860  WARN 60224 --- [main] ConfigServletWebServerApplicationContext : Exception encountered during context initialization - cancelling refresh attempt: org.springframework.context.ApplicationContextException: Failed to start bean 'webServerStartStop'; nested exception is org.springframework.boot.web.server.PortInUseException: Port 9090 is already in use
2021-12-28 17:14:44.863  INFO 60224 --- [main] o.apache.catalina.core.StandardService   : Stopping service [Tomcat]
2021-12-28 17:14:44.870  INFO 60224 --- [main] ConditionEvaluationReportLoggingListener : 

Error starting ApplicationContext. To display the conditions report re-run your application with 'debug' enabled.
2021-12-28 17:14:44.878 ERROR 60224 --- [main] o.s.b.d.LoggingFailureAnalysisReporter   : 

***************************
APPLICATION FAILED TO START
***************************

Description:

Web server failed to start. Port 9090 was already in use.

Action:

Identify and stop the process that's listening on port 9090 or configure this application to listen on another port.

2021-12-28 17:14:55.346  INFO 60288 --- [http-nio-9090-exec-8] com.zaxxer.hikari.HikariDataSource       : HikariPool-1 - Starting...
2021-12-28 17:14:55.424  INFO 60288 --- [http-nio-9090-exec-8] com.zaxxer.hikari.HikariDataSource       : HikariPool-1 - Start completed.
2021-12-28 17:15:33.226  INFO 23588 --- [main] com.example.demo.DemoApplication         : Starting DemoApplication using Java 17 on DESKTOP-IG0DMCH with PID 23588 (C:\Software\IDEA_Projects\GIT\001hkcrc\springboot\target\classes started by HKCRC in C:\Software\IDEA_Projects\GIT\001hkcrc)
2021-12-28 17:15:33.227  INFO 23588 --- [main] com.example.demo.DemoApplication         : No active profile set, falling back to default profiles: default
2021-12-28 17:15:33.763  INFO 23588 --- [main] o.s.b.w.embedded.tomcat.TomcatWebServer  : Tomcat initialized with port(s): 9090 (http)
2021-12-28 17:15:33.770  INFO 23588 --- [main] o.apache.catalina.core.StandardService   : Starting service [Tomcat]
2021-12-28 17:15:33.770  INFO 23588 --- [main] org.apache.catalina.core.StandardEngine  : Starting Servlet engine: [Apache Tomcat/9.0.52]
2021-12-28 17:15:33.831  INFO 23588 --- [main] o.a.c.c.C.[Tomcat].[localhost].[/]       : Initializing Spring embedded WebApplicationContext
2021-12-28 17:15:33.832  INFO 23588 --- [main] w.s.c.ServletWebServerApplicationContext : Root WebApplicationContext: initialization completed in 580 ms
2021-12-28 17:15:34.207  WARN 23588 --- [main] ConfigServletWebServerApplicationContext : Exception encountered during context initialization - cancelling refresh attempt: org.springframework.context.ApplicationContextException: Failed to start bean 'webServerStartStop'; nested exception is org.springframework.boot.web.server.PortInUseException: Port 9090 is already in use
2021-12-28 17:15:34.209  INFO 23588 --- [main] o.apache.catalina.core.StandardService   : Stopping service [Tomcat]
2021-12-28 17:15:34.216  INFO 23588 --- [main] ConditionEvaluationReportLoggingListener : 

Error starting ApplicationContext. To display the conditions report re-run your application with 'debug' enabled.
2021-12-28 17:15:34.224 ERROR 23588 --- [main] o.s.b.d.LoggingFailureAnalysisReporter   : 

***************************
APPLICATION FAILED TO START
***************************

Description:

Web server failed to start. Port 9090 was already in use.

Action:

Identify and stop the process that's listening on port 9090 or configure this application to listen on another port.

2021-12-29 09:47:07.777  INFO 62564 --- [main] com.example.demo.DemoApplication         : Starting DemoApplication using Java 17 on DESKTOP-IG0DMCH with PID 62564 (C:\Software\IDEA_Projects\GIT\001hkcrc\springboot\target\classes started by HKCRC in C:\Software\IDEA_Projects\GIT\001hkcrc)
2021-12-29 09:47:07.780  INFO 62564 --- [main] com.example.demo.DemoApplication         : No active profile set, falling back to default profiles: default
2021-12-29 09:47:08.425  INFO 62564 --- [main] o.s.b.w.embedded.tomcat.TomcatWebServer  : Tomcat initialized with port(s): 9090 (http)
2021-12-29 09:47:08.432  INFO 62564 --- [main] o.apache.catalina.core.StandardService   : Starting service [Tomcat]
2021-12-29 09:47:08.433  INFO 62564 --- [main] org.apache.catalina.core.StandardEngine  : Starting Servlet engine: [Apache Tomcat/9.0.52]
2021-12-29 09:47:08.493  INFO 62564 --- [main] o.a.c.c.C.[Tomcat].[localhost].[/]       : Initializing Spring embedded WebApplicationContext
2021-12-29 09:47:08.493  INFO 62564 --- [main] w.s.c.ServletWebServerApplicationContext : Root WebApplicationContext: initialization completed in 687 ms
2021-12-29 09:47:08.882  WARN 62564 --- [main] ConfigServletWebServerApplicationContext : Exception encountered during context initialization - cancelling refresh attempt: org.springframework.context.ApplicationContextException: Failed to start bean 'webServerStartStop'; nested exception is org.springframework.boot.web.server.PortInUseException: Port 9090 is already in use
2021-12-29 09:47:08.884  INFO 62564 --- [main] o.apache.catalina.core.StandardService   : Stopping service [Tomcat]
2021-12-29 09:47:08.892  INFO 62564 --- [main] ConditionEvaluationReportLoggingListener : 

Error starting ApplicationContext. To display the conditions report re-run your application with 'debug' enabled.
2021-12-29 09:47:08.900 ERROR 62564 --- [main] o.s.b.d.LoggingFailureAnalysisReporter   : 

***************************
APPLICATION FAILED TO START
***************************

Description:

Web server failed to start. Port 9090 was already in use.

Action:

Identify and stop the process that's listening on port 9090 or configure this application to listen on another port.

2021-12-29 10:02:09.137  INFO 68512 --- [main] com.example.demo.DemoApplication         : Starting DemoApplication using Java 17 on DESKTOP-IG0DMCH with PID 68512 (C:\Software\IDEA_Projects\GIT\001hkcrc\springboot\target\classes started by HKCRC in C:\Software\IDEA_Projects\GIT\001hkcrc)
2021-12-29 10:02:09.139  INFO 68512 --- [main] com.example.demo.DemoApplication         : No active profile set, falling back to default profiles: default
2021-12-29 10:02:09.682  INFO 68512 --- [main] o.s.b.w.embedded.tomcat.TomcatWebServer  : Tomcat initialized with port(s): 9091 (http)
2021-12-29 10:02:09.686  INFO 68512 --- [main] o.apache.catalina.core.StandardService   : Starting service [Tomcat]
2021-12-29 10:02:09.686  INFO 68512 --- [main] org.apache.catalina.core.StandardEngine  : Starting Servlet engine: [Apache Tomcat/9.0.52]
2021-12-29 10:02:09.742  INFO 68512 --- [main] o.a.c.c.C.[Tomcat].[localhost].[/]       : Initializing Spring embedded WebApplicationContext
2021-12-29 10:02:09.742  INFO 68512 --- [main] w.s.c.ServletWebServerApplicationContext : Root WebApplicationContext: initialization completed in 578 ms
2021-12-29 10:02:10.132  INFO 68512 --- [main] o.s.b.w.embedded.tomcat.TomcatWebServer  : Tomcat started on port(s): 9091 (http) with context path ''
2021-12-29 10:02:10.138  INFO 68512 --- [main] com.example.demo.DemoApplication         : Started DemoApplication in 1.209 seconds (JVM running for 1.555)
2021-12-29 10:02:10.140  INFO 68512 --- [main] com.example.demo.TCP.SocketServer        : port: 8888, null
2021-12-29 10:02:10.142 ERROR 68512 --- [main] com.example.demo.TCP.SocketServer        : 端口冲突,异常信息：{}

java.net.BindException: Address already in use: bind
	at java.base/sun.nio.ch.Net.bind0(Native Method) ~[na:na]
	at java.base/sun.nio.ch.Net.bind(Net.java:555) ~[na:na]
	at java.base/sun.nio.ch.Net.bind(Net.java:544) ~[na:na]
	at java.base/sun.nio.ch.NioSocketImpl.bind(NioSocketImpl.java:643) ~[na:na]
	at java.base/java.net.ServerSocket.bind(ServerSocket.java:388) ~[na:na]
	at java.base/java.net.ServerSocket.<init>(ServerSocket.java:274) ~[na:na]
	at java.base/java.net.ServerSocket.<init>(ServerSocket.java:167) ~[na:na]
	at com.example.demo.TCP.SocketServer.start(SocketServer.java:40) ~[classes/:na]
	at com.example.demo.TCP.SocketServer.start(SocketServer.java:33) ~[classes/:na]
	at com.example.demo.DemoApplication.main(DemoApplication.java:15) ~[classes/:na]

2021-12-29 10:05:54.948  INFO 58952 --- [main] com.example.demo.DemoApplication         : Starting DemoApplication using Java 17 on DESKTOP-IG0DMCH with PID 58952 (C:\Software\IDEA_Projects\GIT\001hkcrc\springboot\target\classes started by HKCRC in C:\Software\IDEA_Projects\GIT\001hkcrc)
2021-12-29 10:05:54.949  INFO 58952 --- [main] com.example.demo.DemoApplication         : No active profile set, falling back to default profiles: default
2021-12-29 10:05:55.492  INFO 58952 --- [main] o.s.b.w.embedded.tomcat.TomcatWebServer  : Tomcat initialized with port(s): 9090 (http)
2021-12-29 10:05:55.500  INFO 58952 --- [main] o.apache.catalina.core.StandardService   : Starting service [Tomcat]
2021-12-29 10:05:55.500  INFO 58952 --- [main] org.apache.catalina.core.StandardEngine  : Starting Servlet engine: [Apache Tomcat/9.0.52]
2021-12-29 10:05:55.561  INFO 58952 --- [main] o.a.c.c.C.[Tomcat].[localhost].[/]       : Initializing Spring embedded WebApplicationContext
2021-12-29 10:05:55.561  INFO 58952 --- [main] w.s.c.ServletWebServerApplicationContext : Root WebApplicationContext: initialization completed in 586 ms
2021-12-29 10:05:55.933  WARN 58952 --- [main] ConfigServletWebServerApplicationContext : Exception encountered during context initialization - cancelling refresh attempt: org.springframework.context.ApplicationContextException: Failed to start bean 'webServerStartStop'; nested exception is org.springframework.boot.web.server.PortInUseException: Port 9090 is already in use
2021-12-29 10:05:55.935  INFO 58952 --- [main] o.apache.catalina.core.StandardService   : Stopping service [Tomcat]
2021-12-29 10:05:55.942  INFO 58952 --- [main] ConditionEvaluationReportLoggingListener : 

Error starting ApplicationContext. To display the conditions report re-run your application with 'debug' enabled.
2021-12-29 10:05:55.950 ERROR 58952 --- [main] o.s.b.d.LoggingFailureAnalysisReporter   : 

***************************
APPLICATION FAILED TO START
***************************

Description:

Web server failed to start. Port 9090 was already in use.

Action:

Identify and stop the process that's listening on port 9090 or configure this application to listen on another port.

2021-12-29 10:06:28.331  INFO 67412 --- [main] com.example.demo.DemoApplication         : Starting DemoApplication using Java 17 on DESKTOP-IG0DMCH with PID 67412 (C:\Software\IDEA_Projects\GIT\001hkcrc\springboot\target\classes started by HKCRC in C:\Software\IDEA_Projects\GIT\001hkcrc)
2021-12-29 10:06:28.332  INFO 67412 --- [main] com.example.demo.DemoApplication         : No active profile set, falling back to default profiles: default
2021-12-29 10:06:28.881  INFO 67412 --- [main] o.s.b.w.embedded.tomcat.TomcatWebServer  : Tomcat initialized with port(s): 9090 (http)
2021-12-29 10:06:28.888  INFO 67412 --- [main] o.apache.catalina.core.StandardService   : Starting service [Tomcat]
2021-12-29 10:06:28.888  INFO 67412 --- [main] org.apache.catalina.core.StandardEngine  : Starting Servlet engine: [Apache Tomcat/9.0.52]
2021-12-29 10:06:28.946  INFO 67412 --- [main] o.a.c.c.C.[Tomcat].[localhost].[/]       : Initializing Spring embedded WebApplicationContext
2021-12-29 10:06:28.946  INFO 67412 --- [main] w.s.c.ServletWebServerApplicationContext : Root WebApplicationContext: initialization completed in 588 ms
2021-12-29 10:06:29.314  WARN 67412 --- [main] ConfigServletWebServerApplicationContext : Exception encountered during context initialization - cancelling refresh attempt: org.springframework.context.ApplicationContextException: Failed to start bean 'webServerStartStop'; nested exception is org.springframework.boot.web.server.PortInUseException: Port 9090 is already in use
2021-12-29 10:06:29.317  INFO 67412 --- [main] o.apache.catalina.core.StandardService   : Stopping service [Tomcat]
2021-12-29 10:06:29.324  INFO 67412 --- [main] ConditionEvaluationReportLoggingListener : 

Error starting ApplicationContext. To display the conditions report re-run your application with 'debug' enabled.
2021-12-29 10:06:29.332 ERROR 67412 --- [main] o.s.b.d.LoggingFailureAnalysisReporter   : 

***************************
APPLICATION FAILED TO START
***************************

Description:

Web server failed to start. Port 9090 was already in use.

Action:

Identify and stop the process that's listening on port 9090 or configure this application to listen on another port.

2021-12-29 10:07:17.704  INFO 68368 --- [main] com.example.demo.DemoApplication         : Starting DemoApplication using Java 17 on DESKTOP-IG0DMCH with PID 68368 (C:\Software\IDEA_Projects\GIT\001hkcrc\springboot\target\classes started by HKCRC in C:\Software\IDEA_Projects\GIT\001hkcrc)
2021-12-29 10:07:17.705  INFO 68368 --- [main] com.example.demo.DemoApplication         : No active profile set, falling back to default profiles: default
2021-12-29 10:07:18.293  INFO 68368 --- [main] o.s.b.w.embedded.tomcat.TomcatWebServer  : Tomcat initialized with port(s): 9090 (http)
2021-12-29 10:07:18.298  INFO 68368 --- [main] o.apache.catalina.core.StandardService   : Starting service [Tomcat]
2021-12-29 10:07:18.298  INFO 68368 --- [main] org.apache.catalina.core.StandardEngine  : Starting Servlet engine: [Apache Tomcat/9.0.52]
2021-12-29 10:07:18.359  INFO 68368 --- [main] o.a.c.c.C.[Tomcat].[localhost].[/]       : Initializing Spring embedded WebApplicationContext
2021-12-29 10:07:18.359  INFO 68368 --- [main] w.s.c.ServletWebServerApplicationContext : Root WebApplicationContext: initialization completed in 629 ms
2021-12-29 10:07:18.796  WARN 68368 --- [main] ConfigServletWebServerApplicationContext : Exception encountered during context initialization - cancelling refresh attempt: org.springframework.context.ApplicationContextException: Failed to start bean 'webServerStartStop'; nested exception is org.springframework.boot.web.server.PortInUseException: Port 9090 is already in use
2021-12-29 10:07:18.800  INFO 68368 --- [main] o.apache.catalina.core.StandardService   : Stopping service [Tomcat]
2021-12-29 10:07:18.808  INFO 68368 --- [main] ConditionEvaluationReportLoggingListener : 

Error starting ApplicationContext. To display the conditions report re-run your application with 'debug' enabled.
2021-12-29 10:07:18.817 ERROR 68368 --- [main] o.s.b.d.LoggingFailureAnalysisReporter   : 

***************************
APPLICATION FAILED TO START
***************************

Description:

Web server failed to start. Port 9090 was already in use.

Action:

Identify and stop the process that's listening on port 9090 or configure this application to listen on another port.

2021-12-29 10:14:50.266  INFO 61720 --- [main] com.example.demo.DemoApplication         : Starting DemoApplication using Java 17 on DESKTOP-IG0DMCH with PID 61720 (C:\Software\IDEA_Projects\GIT\001hkcrc\springboot\target\classes started by HKCRC in C:\Software\IDEA_Projects\GIT\001hkcrc)
2021-12-29 10:14:50.267  INFO 61720 --- [main] com.example.demo.DemoApplication         : No active profile set, falling back to default profiles: default
2021-12-29 10:14:50.819  INFO 61720 --- [main] o.s.b.w.embedded.tomcat.TomcatWebServer  : Tomcat initialized with port(s): 9090 (http)
2021-12-29 10:14:50.823  INFO 61720 --- [main] o.apache.catalina.core.StandardService   : Starting service [Tomcat]
2021-12-29 10:14:50.824  INFO 61720 --- [main] org.apache.catalina.core.StandardEngine  : Starting Servlet engine: [Apache Tomcat/9.0.52]
2021-12-29 10:14:50.880  INFO 61720 --- [main] o.a.c.c.C.[Tomcat].[localhost].[/]       : Initializing Spring embedded WebApplicationContext
2021-12-29 10:14:50.880  INFO 61720 --- [main] w.s.c.ServletWebServerApplicationContext : Root WebApplicationContext: initialization completed in 588 ms
2021-12-29 10:14:51.249  WARN 61720 --- [main] ConfigServletWebServerApplicationContext : Exception encountered during context initialization - cancelling refresh attempt: org.springframework.context.ApplicationContextException: Failed to start bean 'webServerStartStop'; nested exception is org.springframework.boot.web.server.PortInUseException: Port 9090 is already in use
2021-12-29 10:14:51.251  INFO 61720 --- [main] o.apache.catalina.core.StandardService   : Stopping service [Tomcat]
2021-12-29 10:14:51.259  INFO 61720 --- [main] ConditionEvaluationReportLoggingListener : 

Error starting ApplicationContext. To display the conditions report re-run your application with 'debug' enabled.
2021-12-29 10:14:51.266 ERROR 61720 --- [main] o.s.b.d.LoggingFailureAnalysisReporter   : 

***************************
APPLICATION FAILED TO START
***************************

Description:

Web server failed to start. Port 9090 was already in use.

Action:

Identify and stop the process that's listening on port 9090 or configure this application to listen on another port.

2021-12-29 10:17:35.613  INFO 67508 --- [main] com.example.demo.DemoApplication         : Starting DemoApplication using Java 17 on DESKTOP-IG0DMCH with PID 67508 (C:\Software\IDEA_Projects\GIT\001hkcrc\springboot\target\classes started by HKCRC in C:\Software\IDEA_Projects\GIT\001hkcrc)
2021-12-29 10:17:35.614  INFO 67508 --- [main] com.example.demo.DemoApplication         : No active profile set, falling back to default profiles: default
2021-12-29 10:17:36.157  INFO 67508 --- [main] o.s.b.w.embedded.tomcat.TomcatWebServer  : Tomcat initialized with port(s): 9090 (http)
2021-12-29 10:17:36.164  INFO 67508 --- [main] o.apache.catalina.core.StandardService   : Starting service [Tomcat]
2021-12-29 10:17:36.164  INFO 67508 --- [main] org.apache.catalina.core.StandardEngine  : Starting Servlet engine: [Apache Tomcat/9.0.52]
2021-12-29 10:17:36.224  INFO 67508 --- [main] o.a.c.c.C.[Tomcat].[localhost].[/]       : Initializing Spring embedded WebApplicationContext
2021-12-29 10:17:36.224  INFO 67508 --- [main] w.s.c.ServletWebServerApplicationContext : Root WebApplicationContext: initialization completed in 583 ms
2021-12-29 10:17:36.593  WARN 67508 --- [main] ConfigServletWebServerApplicationContext : Exception encountered during context initialization - cancelling refresh attempt: org.springframework.context.ApplicationContextException: Failed to start bean 'webServerStartStop'; nested exception is org.springframework.boot.web.server.PortInUseException: Port 9090 is already in use
2021-12-29 10:17:36.595  INFO 67508 --- [main] o.apache.catalina.core.StandardService   : Stopping service [Tomcat]
2021-12-29 10:17:36.602  INFO 67508 --- [main] ConditionEvaluationReportLoggingListener : 

Error starting ApplicationContext. To display the conditions report re-run your application with 'debug' enabled.
2021-12-29 10:17:36.610 ERROR 67508 --- [main] o.s.b.d.LoggingFailureAnalysisReporter   : 

***************************
APPLICATION FAILED TO START
***************************

Description:

Web server failed to start. Port 9090 was already in use.

Action:

Identify and stop the process that's listening on port 9090 or configure this application to listen on another port.

2021-12-29 10:48:14.175  INFO 67136 --- [main] com.example.demo.DemoApplication         : Starting DemoApplication using Java 17 on DESKTOP-IG0DMCH with PID 67136 (C:\Software\IDEA_Projects\GIT\001hkcrc\springboot\target\classes started by HKCRC in C:\Software\IDEA_Projects\GIT\001hkcrc)
2021-12-29 10:48:14.176  INFO 67136 --- [main] com.example.demo.DemoApplication         : The following profiles are active: prod
2021-12-29 10:48:14.725  INFO 67136 --- [main] o.s.b.w.embedded.tomcat.TomcatWebServer  : Tomcat initialized with port(s): 9090 (http)
2021-12-29 10:48:14.729  INFO 67136 --- [main] o.apache.catalina.core.StandardService   : Starting service [Tomcat]
2021-12-29 10:48:14.730  INFO 67136 --- [main] org.apache.catalina.core.StandardEngine  : Starting Servlet engine: [Apache Tomcat/9.0.52]
2021-12-29 10:48:14.788  INFO 67136 --- [main] o.a.c.c.C.[Tomcat].[localhost].[/]       : Initializing Spring embedded WebApplicationContext
2021-12-29 10:48:14.788  INFO 67136 --- [main] w.s.c.ServletWebServerApplicationContext : Root WebApplicationContext: initialization completed in 586 ms
2021-12-29 10:48:15.167  WARN 67136 --- [main] ConfigServletWebServerApplicationContext : Exception encountered during context initialization - cancelling refresh attempt: org.springframework.context.ApplicationContextException: Failed to start bean 'webServerStartStop'; nested exception is org.springframework.boot.web.server.PortInUseException: Port 9090 is already in use
2021-12-29 10:48:15.169  INFO 67136 --- [main] o.apache.catalina.core.StandardService   : Stopping service [Tomcat]
2021-12-29 10:48:15.176  INFO 67136 --- [main] ConditionEvaluationReportLoggingListener : 

Error starting ApplicationContext. To display the conditions report re-run your application with 'debug' enabled.
2021-12-29 10:48:15.184 ERROR 67136 --- [main] o.s.b.d.LoggingFailureAnalysisReporter   : 

***************************
APPLICATION FAILED TO START
***************************

Description:

Web server failed to start. Port 9090 was already in use.

Action:

Identify and stop the process that's listening on port 9090 or configure this application to listen on another port.

2021-12-29 10:49:07.338  INFO 59760 --- [main] com.example.demo.DemoApplication         : Starting DemoApplication using Java 17 on DESKTOP-IG0DMCH with PID 59760 (C:\Software\IDEA_Projects\GIT\001hkcrc\springboot\target\classes started by HKCRC in C:\Software\IDEA_Projects\GIT\001hkcrc)
2021-12-29 10:49:07.339  INFO 59760 --- [main] com.example.demo.DemoApplication         : The following profiles are active: prod
2021-12-29 10:49:07.871  INFO 59760 --- [main] o.s.b.w.embedded.tomcat.TomcatWebServer  : Tomcat initialized with port(s): 9090 (http)
2021-12-29 10:49:07.878  INFO 59760 --- [main] o.apache.catalina.core.StandardService   : Starting service [Tomcat]
2021-12-29 10:49:07.879  INFO 59760 --- [main] org.apache.catalina.core.StandardEngine  : Starting Servlet engine: [Apache Tomcat/9.0.52]
2021-12-29 10:49:07.937  INFO 59760 --- [main] o.a.c.c.C.[Tomcat].[localhost].[/]       : Initializing Spring embedded WebApplicationContext
2021-12-29 10:49:07.938  INFO 59760 --- [main] w.s.c.ServletWebServerApplicationContext : Root WebApplicationContext: initialization completed in 573 ms
2021-12-29 10:49:08.315  WARN 59760 --- [main] ConfigServletWebServerApplicationContext : Exception encountered during context initialization - cancelling refresh attempt: org.springframework.context.ApplicationContextException: Failed to start bean 'webServerStartStop'; nested exception is org.springframework.boot.web.server.PortInUseException: Port 9090 is already in use
2021-12-29 10:49:08.317  INFO 59760 --- [main] o.apache.catalina.core.StandardService   : Stopping service [Tomcat]
2021-12-29 10:49:08.325  INFO 59760 --- [main] ConditionEvaluationReportLoggingListener : 

Error starting ApplicationContext. To display the conditions report re-run your application with 'debug' enabled.
2021-12-29 10:49:08.332 ERROR 59760 --- [main] o.s.b.d.LoggingFailureAnalysisReporter   : 

***************************
APPLICATION FAILED TO START
***************************

Description:

Web server failed to start. Port 9090 was already in use.

Action:

Identify and stop the process that's listening on port 9090 or configure this application to listen on another port.

2021-12-29 11:54:43.341  INFO 67228 --- [main] com.example.demo.DemoApplication         : Starting DemoApplication using Java 17 on DESKTOP-IG0DMCH with PID 67228 (C:\Software\IDEA_Projects\GIT\001hkcrc\springboot\target\classes started by HKCRC in C:\Software\IDEA_Projects\GIT\001hkcrc)
2021-12-29 11:54:43.343  INFO 67228 --- [main] com.example.demo.DemoApplication         : The following profiles are active: prod
2021-12-29 11:54:43.913  INFO 67228 --- [main] o.s.b.w.embedded.tomcat.TomcatWebServer  : Tomcat initialized with port(s): 9090 (http)
2021-12-29 11:54:43.918  INFO 67228 --- [main] o.apache.catalina.core.StandardService   : Starting service [Tomcat]
2021-12-29 11:54:43.918  INFO 67228 --- [main] org.apache.catalina.core.StandardEngine  : Starting Servlet engine: [Apache Tomcat/9.0.52]
2021-12-29 11:54:43.980  INFO 67228 --- [main] o.a.c.c.C.[Tomcat].[localhost].[/]       : Initializing Spring embedded WebApplicationContext
2021-12-29 11:54:43.980  INFO 67228 --- [main] w.s.c.ServletWebServerApplicationContext : Root WebApplicationContext: initialization completed in 611 ms
2021-12-29 11:54:44.357  WARN 67228 --- [main] ConfigServletWebServerApplicationContext : Exception encountered during context initialization - cancelling refresh attempt: org.springframework.context.ApplicationContextException: Failed to start bean 'webServerStartStop'; nested exception is org.springframework.boot.web.server.PortInUseException: Port 9090 is already in use
2021-12-29 11:54:44.359  INFO 67228 --- [main] o.apache.catalina.core.StandardService   : Stopping service [Tomcat]
2021-12-29 11:54:44.366  INFO 67228 --- [main] ConditionEvaluationReportLoggingListener : 

Error starting ApplicationContext. To display the conditions report re-run your application with 'debug' enabled.
2021-12-29 11:54:44.374 ERROR 67228 --- [main] o.s.b.d.LoggingFailureAnalysisReporter   : 

***************************
APPLICATION FAILED TO START
***************************

Description:

Web server failed to start. Port 9090 was already in use.

Action:

Identify and stop the process that's listening on port 9090 or configure this application to listen on another port.

